<?xml version="1.0" encoding="UTF-8"?>
<!-- Generated by org.testng.reporters.JUnitXMLReporter -->
<testsuite ignored="0" hostname="Bikash" failures="1" tests="4" name="Combined test" time="34.528" errors="0" timestamp="13 Feb 2020 18:17:23 GMT">
  <testcase classname="com_TestCase.CombinedPage_TestCase" name="backButtonValidation" time="11.22">
    <skipped/>
  </testcase> <!-- backButtonValidation -->
  <testcase classname="com_TestCase.CombinedPage_TestCase" name="backButtonValidation" time="4.645">
    <skipped/>
  </testcase> <!-- backButtonValidation -->
  <testcase classname="com_TestCase.CombinedPage_TestCase" name="backButtonValidation" time="4.098">
    <skipped/>
  </testcase> <!-- backButtonValidation -->
  <testcase classname="com_TestCase.CombinedPage_TestCase" name="backButtonValidation" time="4.751">
    <failure type="java.lang.AssertionError" message="expected [CRMPRO0] but found [CRMPRO]">
      <![CDATA[java.lang.AssertionError: expected [CRMPRO0] but found [CRMPRO]
at com_TestCase.HomePage_TestCase.CombinedButtonClickValidation(HomePage_TestCase.java:46)
at com_TestCase.CombinedPage_TestCase.backButtonValidation(CombinedPage_TestCase.java:19)
at java.base/java.util.concurrent.ThreadPoolExecutor.runWorker(ThreadPoolExecutor.java:1128)
at java.base/java.util.concurrent.ThreadPoolExecutor$Worker.run(ThreadPoolExecutor.java:628)
at java.base/java.lang.Thread.run(Thread.java:835)
... Removed 16 stack frames]]>
    </failure>
  </testcase> <!-- backButtonValidation -->
</testsuite> <!-- Combined test -->
