<?xml version="1.0" encoding="UTF-8"?>
<!-- Generated by org.testng.reporters.JUnitXMLReporter -->
<testsuite ignored="0" hostname="Bikash" failures="2" tests="5" name="CRM testcase" time="54.964" errors="0" timestamp="03 Feb 2020 18:24:03 GMT">
  <testcase classname="com_TestCase.HomePage_TestCase" name="companiesButtonPresentValidation" time="4.375">
    <failure type="java.lang.NullPointerException">
      <![CDATA[java.lang.NullPointerException
at org.openqa.selenium.support.pagefactory.DefaultElementLocator.findElement(DefaultElementLocator.java:69)
at org.openqa.selenium.support.pagefactory.internal.LocatingElementHandler.invoke(LocatingElementHandler.java:38)
at com.sun.proxy.$Proxy12.sendKeys(Unknown Source)
at com_PageObject.LoginPage_PageObject.setUserName(LoginPage_PageObject.java:84)
at com_TestCase.LoginPage_TestCase.LoginValidation(LoginPage_TestCase.java:55)
at com_TestCase.HomePage_TestCase.companiesButtonPresentValidation(HomePage_TestCase.java:23)
... Removed 25 stack frames]]>
    </failure>
  </testcase> <!-- companiesButtonPresentValidation -->
  <testcase classname="com_TestCase.LoginPage_TestCase" name="loginPageTitleValidation" time="4.004"/>
  <testcase classname="com_TestCase.HomePage_TestCase" name="buttonsPresentValidation" time="20.117">
    <failure type="org.openqa.selenium.NoSuchFrameException" message="No frame element found by name or id mainpanel
Build info: version: &amp;apos;3.141.59&amp;apos;, revision: &amp;apos;e82be7d358&amp;apos;, time: &amp;apos;2018-11-14T08:17:03&amp;apos;
System info: host: &amp;apos;BIKASH&amp;apos;, ip: &amp;apos;192.168.0.24&amp;apos;, os.name: &amp;apos;Windows 10&amp;apos;, os.arch: &amp;apos;amd64&amp;apos;, os.version: &amp;apos;10.0&amp;apos;, java.version: &amp;apos;12.0.1&amp;apos;
Driver info: driver.version: unknown">
      <![CDATA[org.openqa.selenium.NoSuchFrameException: No frame element found by name or id mainpanel
Build info: version: '3.141.59', revision: 'e82be7d358', time: '2018-11-14T08:17:03'
System info: host: 'BIKASH', ip: '192.168.0.24', os.name: 'Windows 10', os.arch: 'amd64', os.version: '10.0', java.version: '12.0.1'
Driver info: driver.version: unknown
at org.openqa.selenium.remote.RemoteWebDriver$RemoteTargetLocator.frame(RemoteWebDriver.java:885)
at com_PageObject.HomePage_PageObject.moveToCompaniesButton(HomePage_PageObject.java:51)
at com_TestCase.HomePage_TestCase.buttonsPresentValidation(HomePage_TestCase.java:32)
... Removed 25 stack frames]]>
    </failure>
  </testcase> <!-- buttonsPresentValidation -->
  <testcase classname="com_TestCase.LoginPage_TestCase" name="LoginPageUIValidation" time="0.224"/>
  <testcase classname="com_TestCase.LoginPage_TestCase" name="LoginValidation" time="5.475"/>
</testsuite> <!-- CRM testcase -->
