<!DOCTYPE html PUBLIC "-//W3C//DTD XHTML 1.1//EN" "http://www.w3.org/TR/xhtml11/DTD/xhtml11.dtd">
<html xmlns="http://www.w3.org/1999/xhtml">
<head>
<meta http-equiv="content-type" content="text/html; charset=UTF-8"/>
<title>TestNG Report</title>
<style type="text/css">table {margin-bottom:10px;border-collapse:collapse;empty-cells:show}th,td {border:1px solid #009;padding:.25em .5em}th {vertical-align:bottom}td {vertical-align:top}table a {font-weight:bold}.stripe td {background-color: #E6EBF9}.num {text-align:right}.passedodd td {background-color: #3F3}.passedeven td {background-color: #0A0}.skippedodd td {background-color: #DDD}.skippedeven td {background-color: #CCC}.failedodd td,.attn {background-color: #F33}.failedeven td,.stripe .attn {background-color: #D00}.stacktrace {white-space:pre;font-family:monospace}.totop {font-size:85%;text-align:center;border-bottom:2px solid #000}.invisible {display:none}</style>
</head>
<body>
<table>
<tr><th>Test</th><th># Passed</th><th># Skipped</th><th># Failed</th><th>Time (ms)</th><th>Included Groups</th><th>Excluded Groups</th></tr>
<tr><th colspan="7">automation suite</th></tr>
<tr><td><a href="#t0">Login test</a></td><td class="num">3</td><td class="num">0</td><td class="num">0</td><td class="num">22,294</td><td></td><td></td></tr>
<tr class="stripe"><td><a href="#t1">Homepage Test</a></td><td class="num">2</td><td class="num attn">3</td><td class="num attn">1</td><td class="num">22,430</td><td></td><td></td></tr>
<tr><td><a href="#t2">Combined test</a></td><td class="num">0</td><td class="num attn">3</td><td class="num attn">1</td><td class="num">34,528</td><td></td><td></td></tr>
<tr><th>Total</th><th class="num">5</th><th class="num attn">6</th><th class="num attn">2</th><th class="num">79,252</th><th colspan="2"></th></tr>
</table>
<table id='summary'><thead><tr><th>Class</th><th>Method</th><th>Start</th><th>Time (ms)</th></tr></thead><tbody><tr><th colspan="4">automation suite</th></tr></tbody><tbody id="t0"><tr><th colspan="4">Login test &#8212; passed</th></tr><tr class="passedeven"><td rowspan="3">com_TestCase.LoginPage_TestCase</td><td><a href="#m0">LoginPageUIValidation</a></td><td rowspan="1">1581617778051</td><td rowspan="1">196</td></tr><tr class="passedeven"><td><a href="#m1">LoginValidation</a></td><td rowspan="1">1581617778248</td><td rowspan="1">7340</td></tr><tr class="passedeven"><td><a href="#m2">loginPageTitleValidation</a></td><td rowspan="1">1581617773794</td><td rowspan="1">4244</td></tr></tbody>
<tbody id="t1"><tr><th colspan="4">Homepage Test &#8212; failed</th></tr><tr class="failedeven"><td rowspan="1">com_TestCase.HomePage_TestCase</td><td><a href="#m3">CombinedButtonClickValidation</a></td><td rowspan="1">1581617808195</td><td rowspan="1">61</td></tr><tr><th colspan="4">Homepage Test &#8212; skipped</th></tr><tr class="skippedeven"><td rowspan="3">com_TestCase.HomePage_TestCase</td><td><a href="#m4">CombinedButtonClickValidation</a></td><td rowspan="3">1581617808130</td><td rowspan="3">64</td></tr><tr class="skippedeven"><td><a href="#m5">CombinedButtonClickValidation</a></td></tr><tr class="skippedeven"><td><a href="#m6">CombinedButtonClickValidation</a></td></tr><tr><th colspan="4">Homepage Test &#8212; passed</th></tr><tr class="passedeven"><td rowspan="2">com_TestCase.HomePage_TestCase</td><td><a href="#m7">buttonsPresentValidation</a></td><td rowspan="1">1581617807697</td><td rowspan="1">279</td></tr><tr class="passedeven"><td><a href="#m8">companiesButtonPresentValidation</a></td><td rowspan="1">1581617795655</td><td rowspan="1">12040</td></tr></tbody>
<tbody id="t2"><tr><th colspan="4">Combined test &#8212; failed</th></tr><tr class="failedeven"><td rowspan="1">com_TestCase.CombinedPage_TestCase</td><td><a href="#m9">backButtonValidation</a></td><td rowspan="1">1581617838071</td><td rowspan="1">4751</td></tr><tr><th colspan="4">Combined test &#8212; skipped</th></tr><tr class="skippedeven"><td rowspan="3">com_TestCase.CombinedPage_TestCase</td><td><a href="#m10">backButtonValidation</a></td><td rowspan="3">1581617829326</td><td rowspan="3">4645</td></tr><tr class="skippedeven"><td><a href="#m11">backButtonValidation</a></td></tr><tr class="skippedeven"><td><a href="#m12">backButtonValidation</a></td></tr></tbody>
</table>
<h2>Login test</h2><h3 id="m0">com_TestCase.LoginPage_TestCase#LoginPageUIValidation</h3><table class="result"><tr><th class="invisible"/></tr></table><p class="totop"><a href="#summary">back to summary</a></p>
<h3 id="m1">com_TestCase.LoginPage_TestCase#LoginValidation</h3><table class="result"><tr><th class="invisible"/></tr></table><p class="totop"><a href="#summary">back to summary</a></p>
<h3 id="m2">com_TestCase.LoginPage_TestCase#loginPageTitleValidation</h3><table class="result"><tr><th class="invisible"/></tr></table><p class="totop"><a href="#summary">back to summary</a></p>
<h2>Homepage Test</h2><h3 id="m3">com_TestCase.HomePage_TestCase#CombinedButtonClickValidation</h3><table class="result"><tr><th>Exception</th></tr><tr><td><div class="stacktrace">java.lang.AssertionError: expected [CRMPRO0] but found [CRMPRO]
	at com_TestCase.HomePage_TestCase.CombinedButtonClickValidation(HomePage_TestCase.java:46)
	at java.base/java.util.concurrent.ThreadPoolExecutor.runWorker(ThreadPoolExecutor.java:1128)
	at java.base/java.util.concurrent.ThreadPoolExecutor$Worker.run(ThreadPoolExecutor.java:628)
	at java.base/java.lang.Thread.run(Thread.java:835)
... Removed 16 stack frames</div></td></tr></table><p class="totop"><a href="#summary">back to summary</a></p>
<h3 id="m4">com_TestCase.HomePage_TestCase#CombinedButtonClickValidation</h3><table class="result"><tr><th>Exception</th></tr><tr><td><div class="stacktrace">java.lang.AssertionError: expected [CRMPRO0] but found [CRMPRO]
	at com_TestCase.HomePage_TestCase.CombinedButtonClickValidation(HomePage_TestCase.java:46)
	at java.base/java.util.concurrent.ThreadPoolExecutor.runWorker(ThreadPoolExecutor.java:1128)
	at java.base/java.util.concurrent.ThreadPoolExecutor$Worker.run(ThreadPoolExecutor.java:628)
	at java.base/java.lang.Thread.run(Thread.java:835)
... Removed 16 stack frames</div></td></tr></table><p class="totop"><a href="#summary">back to summary</a></p>
<h3 id="m5">com_TestCase.HomePage_TestCase#CombinedButtonClickValidation</h3><table class="result"><tr><th>Exception</th></tr><tr><td><div class="stacktrace">java.lang.AssertionError: expected [CRMPRO0] but found [CRMPRO]
	at com_TestCase.HomePage_TestCase.CombinedButtonClickValidation(HomePage_TestCase.java:46)
	at java.base/java.util.concurrent.ThreadPoolExecutor.runWorker(ThreadPoolExecutor.java:1128)
	at java.base/java.util.concurrent.ThreadPoolExecutor$Worker.run(ThreadPoolExecutor.java:628)
	at java.base/java.lang.Thread.run(Thread.java:835)
... Removed 16 stack frames</div></td></tr></table><p class="totop"><a href="#summary">back to summary</a></p>
<h3 id="m6">com_TestCase.HomePage_TestCase#CombinedButtonClickValidation</h3><table class="result"><tr><th>Exception</th></tr><tr><td><div class="stacktrace">java.lang.AssertionError: expected [CRMPRO0] but found [CRMPRO]
	at com_TestCase.HomePage_TestCase.CombinedButtonClickValidation(HomePage_TestCase.java:46)
	at java.base/java.util.concurrent.ThreadPoolExecutor.runWorker(ThreadPoolExecutor.java:1128)
	at java.base/java.util.concurrent.ThreadPoolExecutor$Worker.run(ThreadPoolExecutor.java:628)
	at java.base/java.lang.Thread.run(Thread.java:835)
... Removed 16 stack frames</div></td></tr></table><p class="totop"><a href="#summary">back to summary</a></p>
<h3 id="m7">com_TestCase.HomePage_TestCase#buttonsPresentValidation</h3><table class="result"><tr><th class="invisible"/></tr></table><p class="totop"><a href="#summary">back to summary</a></p>
<h3 id="m8">com_TestCase.HomePage_TestCase#companiesButtonPresentValidation</h3><table class="result"><tr><th class="invisible"/></tr></table><p class="totop"><a href="#summary">back to summary</a></p>
<h2>Combined test</h2><h3 id="m9">com_TestCase.CombinedPage_TestCase#backButtonValidation</h3><table class="result"><tr><th>Exception</th></tr><tr><td><div class="stacktrace">java.lang.AssertionError: expected [CRMPRO0] but found [CRMPRO]
	at com_TestCase.HomePage_TestCase.CombinedButtonClickValidation(HomePage_TestCase.java:46)
	at com_TestCase.CombinedPage_TestCase.backButtonValidation(CombinedPage_TestCase.java:19)
	at java.base/java.util.concurrent.ThreadPoolExecutor.runWorker(ThreadPoolExecutor.java:1128)
	at java.base/java.util.concurrent.ThreadPoolExecutor$Worker.run(ThreadPoolExecutor.java:628)
	at java.base/java.lang.Thread.run(Thread.java:835)
... Removed 16 stack frames</div></td></tr></table><p class="totop"><a href="#summary">back to summary</a></p>
<h3 id="m10">com_TestCase.CombinedPage_TestCase#backButtonValidation</h3><table class="result"><tr><th>Exception</th></tr><tr><td><div class="stacktrace">java.lang.AssertionError: expected [CRMPRO0] but found [CRMPRO]
	at com_TestCase.HomePage_TestCase.CombinedButtonClickValidation(HomePage_TestCase.java:46)
	at com_TestCase.CombinedPage_TestCase.backButtonValidation(CombinedPage_TestCase.java:19)
	at java.base/java.util.concurrent.ThreadPoolExecutor.runWorker(ThreadPoolExecutor.java:1128)
	at java.base/java.util.concurrent.ThreadPoolExecutor$Worker.run(ThreadPoolExecutor.java:628)
	at java.base/java.lang.Thread.run(Thread.java:835)
... Removed 16 stack frames</div></td></tr></table><p class="totop"><a href="#summary">back to summary</a></p>
<h3 id="m11">com_TestCase.CombinedPage_TestCase#backButtonValidation</h3><table class="result"><tr><th>Exception</th></tr><tr><td><div class="stacktrace">java.lang.AssertionError: expected [CRMPRO0] but found [CRMPRO]
	at com_TestCase.HomePage_TestCase.CombinedButtonClickValidation(HomePage_TestCase.java:46)
	at com_TestCase.CombinedPage_TestCase.backButtonValidation(CombinedPage_TestCase.java:19)
	at java.base/java.util.concurrent.ThreadPoolExecutor.runWorker(ThreadPoolExecutor.java:1128)
	at java.base/java.util.concurrent.ThreadPoolExecutor$Worker.run(ThreadPoolExecutor.java:628)
	at java.base/java.lang.Thread.run(Thread.java:835)
... Removed 16 stack frames</div></td></tr></table><p class="totop"><a href="#summary">back to summary</a></p>
<h3 id="m12">com_TestCase.CombinedPage_TestCase#backButtonValidation</h3><table class="result"><tr><th>Exception</th></tr><tr><td><div class="stacktrace">java.lang.AssertionError: expected [CRMPRO0] but found [CRMPRO]
	at com_TestCase.HomePage_TestCase.CombinedButtonClickValidation(HomePage_TestCase.java:46)
	at com_TestCase.CombinedPage_TestCase.backButtonValidation(CombinedPage_TestCase.java:19)
	at java.base/java.util.concurrent.ThreadPoolExecutor.runWorker(ThreadPoolExecutor.java:1128)
	at java.base/java.util.concurrent.ThreadPoolExecutor$Worker.run(ThreadPoolExecutor.java:628)
	at java.base/java.lang.Thread.run(Thread.java:835)
... Removed 16 stack frames</div></td></tr></table><p class="totop"><a href="#summary">back to summary</a></p>
</body>
</html>
