<?xml version="1.0" encoding="UTF-8"?>
<!-- Generated by org.testng.reporters.JUnitReportReporter -->
<testsuite hostname="Bikash" failures="1" tests="6" name="com_TestCase.HomePage_TestCase" time="12.593" errors="0" timestamp="13 Feb 2020 18:17:23 GMT" skipped="3">
  <testcase classname="com_TestCase.HomePage_TestCase" name="companiesButtonPresentValidation" time="12.040"/>
  <testcase classname="com_TestCase.HomePage_TestCase" name="buttonsPresentValidation" time="0.279"/>
  <testcase classname="com_TestCase.HomePage_TestCase" name="CombinedButtonClickValidation" time="0.064">
    <skipped/>
  </testcase> <!-- CombinedButtonClickValidation -->
  <testcase classname="com_TestCase.HomePage_TestCase" name="CombinedButtonClickValidation" time="0.082">
    <skipped/>
  </testcase> <!-- CombinedButtonClickValidation -->
  <testcase classname="com_TestCase.HomePage_TestCase" name="CombinedButtonClickValidation" time="0.061">
    <failure message="expected [CRMPRO0] but found [CRMPRO]" type="java.lang.AssertionError">
      <![CDATA[java.lang.AssertionError: expected [CRMPRO0] but found [CRMPRO]
at org.testng.Assert.fail(Assert.java:96)
at org.testng.Assert.failNotEquals(Assert.java:776)
at org.testng.Assert.assertEqualsImpl(Assert.java:137)
at org.testng.Assert.assertEquals(Assert.java:118)
at org.testng.Assert.assertEquals(Assert.java:453)
at org.testng.Assert.assertEquals(Assert.java:463)
at com_TestCase.HomePage_TestCase.CombinedButtonClickValidation(HomePage_TestCase.java:46)
at java.base/jdk.internal.reflect.NativeMethodAccessorImpl.invoke0(Native Method)
at java.base/jdk.internal.reflect.NativeMethodAccessorImpl.invoke(NativeMethodAccessorImpl.java:62)
at java.base/jdk.internal.reflect.DelegatingMethodAccessorImpl.invoke(DelegatingMethodAccessorImpl.java:43)
at java.base/java.lang.reflect.Method.invoke(Method.java:567)
at org.testng.internal.MethodInvocationHelper.invokeMethod(MethodInvocationHelper.java:124)
at org.testng.internal.Invoker.invokeMethod(Invoker.java:583)
at org.testng.internal.Invoker.retryFailed(Invoker.java:839)
at org.testng.internal.Invoker.invokeTestMethods(Invoker.java:1010)
at org.testng.internal.TestMethodWorker.invokeTestMethods(TestMethodWorker.java:125)
at org.testng.internal.TestMethodWorker.run(TestMethodWorker.java:109)
at java.base/java.util.concurrent.ThreadPoolExecutor.runWorker(ThreadPoolExecutor.java:1128)
at java.base/java.util.concurrent.ThreadPoolExecutor$Worker.run(ThreadPoolExecutor.java:628)
at java.base/java.lang.Thread.run(Thread.java:835)
]]>
    </failure>
  </testcase> <!-- CombinedButtonClickValidation -->
  <testcase classname="com_TestCase.HomePage_TestCase" name="CombinedButtonClickValidation" time="0.067">
    <skipped/>
  </testcase> <!-- CombinedButtonClickValidation -->
</testsuite> <!-- com_TestCase.HomePage_TestCase -->
